<?xml version="1.0" encoding="UTF-8"?>
<!-- Generated by org.testng.reporters.JUnitReportReporter -->
<testsuite hostname="Gaurav-PC" name="MavenTestjava.Testmaven.test1" tests="2" failures="0" timestamp="8 Feb 2022 06:46:08 GMT" time="0.073" errors="0">
  <testcase name="maventest1" time="0.001" classname="MavenTestjava.Testmaven.test1"/>
  <testcase name="maventest" time="0.072" classname="MavenTestjava.Testmaven.test1"/>
</testsuite> <!-- MavenTestjava.Testmaven.test1 -->
