<?xml version="1.0" encoding="UTF-8"?>
<!-- Generated by org.testng.reporters.JUnitReportReporter -->
<testsuite skipped="0" hostname="Gaurav-PC" name="MavenTestjava.Testmaven.Snippet" tests="2" failures="0" timestamp="08 Feb 2022 07:33:53 GMT" time="0.000" errors="0">
  <testcase name="maventest1" time="0.000" classname="MavenTestjava.Testmaven.Snippet"/>
  <testcase name="maventest" time="0.000" classname="MavenTestjava.Testmaven.Snippet"/>
</testsuite> <!-- MavenTestjava.Testmaven.Snippet -->
