<?xml version="1.0" encoding="UTF-8"?>
<!-- Generated by org.testng.reporters.JUnitReportReporter -->
<testsuite skipped="0" hostname="Gaurav-PC" name="MavenTestjava.Testmaven.test1" tests="2" failures="0" timestamp="08 Feb 2022 07:34:07 GMT" time="0.015" errors="0">
  <testcase name="maventest" time="0.015" classname="MavenTestjava.Testmaven.test1"/>
  <testcase name="maventest1" time="0.000" classname="MavenTestjava.Testmaven.test1"/>
</testsuite> <!-- MavenTestjava.Testmaven.test1 -->
